GAS LISTING /tmp/cc8CYQUV.s 			page 1


   1              		.file	"Console.cpp"
   2              		.option pic
   3              		.option norelax
   4              		.text
   5              	.Ltext0:
   6              		.align	2
   7              		.globl	_ZN7Console4getcEv
   9              	_ZN7Console4getcEv:
  10              	.LFB1:
  11              		.file 1 "src/Console.cpp"
   1:src/Console.cpp **** //
   2:src/Console.cpp **** // Created by Danilo on 5/31/23.
   3:src/Console.cpp **** //
   4:src/Console.cpp **** 
   5:src/Console.cpp **** #include "../h/syscall_cpp.hpp"
   6:src/Console.cpp **** #include "../lib/console.h"
   7:src/Console.cpp **** 
   8:src/Console.cpp **** char Console::getc() {
  12              		.loc 1 8 22
  13              		.cfi_startproc
  14 0000 130101FF 		addi	sp,sp,-16
  15              		.cfi_def_cfa_offset 16
  16 0004 23341100 		sd	ra,8(sp)
  17 0008 23308100 		sd	s0,0(sp)
  18              		.cfi_offset 1, -8
  19              		.cfi_offset 8, -16
  20 000c 13040101 		addi	s0,sp,16
  21              		.cfi_def_cfa 8, 0
   9:src/Console.cpp ****     return __getc();
  22              		.loc 1 9 5
  23              		.loc 1 9 18 is_stmt 0
  24 0010 97000000 		call	__getc@plt
  24      E7800000 
  25              	.LVL0:
  10:src/Console.cpp **** }
  26              		.loc 1 10 1
  27 0018 83308100 		ld	ra,8(sp)
  28              		.cfi_restore 1
  29 001c 03340100 		ld	s0,0(sp)
  30              		.cfi_restore 8
  31              		.cfi_def_cfa 2, 16
  32 0020 13010101 		addi	sp,sp,16
  33              		.cfi_def_cfa_offset 0
  34 0024 67800000 		jr	ra
  35              		.cfi_endproc
  36              	.LFE1:
  38              		.align	2
  39              		.globl	_ZN7Console4putcEc
  41              	_ZN7Console4putcEc:
  42              	.LFB2:
  11:src/Console.cpp **** 
  12:src/Console.cpp **** void Console::putc(char c) {
  43              		.loc 1 12 28 is_stmt 1
  44              		.cfi_startproc
  45              	.LVL1:
  46 0028 130101FF 		addi	sp,sp,-16
  47              		.cfi_def_cfa_offset 16
GAS LISTING /tmp/cc8CYQUV.s 			page 2


  48 002c 23341100 		sd	ra,8(sp)
  49 0030 23308100 		sd	s0,0(sp)
  50              		.cfi_offset 1, -8
  51              		.cfi_offset 8, -16
  52 0034 13040101 		addi	s0,sp,16
  53              		.cfi_def_cfa 8, 0
  13:src/Console.cpp ****     __putc(c);
  54              		.loc 1 13 5
  55              		.loc 1 13 11 is_stmt 0
  56 0038 97000000 		call	__putc@plt
  56      E7800000 
  57              	.LVL2:
  14:src/Console.cpp **** }...
  58              		.loc 1 14 1
  59 0040 83308100 		ld	ra,8(sp)
  60              		.cfi_restore 1
  61 0044 03340100 		ld	s0,0(sp)
  62              		.cfi_restore 8
  63              		.cfi_def_cfa 2, 16
  64 0048 13010101 		addi	sp,sp,16
  65              		.cfi_def_cfa_offset 0
  66 004c 67800000 		jr	ra
  67              		.cfi_endproc
  68              	.LFE2:
  70              	.Letext0:
  71              		.file 2 "src/../h/../lib/hw.h"
  72              		.file 3 "src/../lib/console.h"
  73              		.file 4 "src/../h/syscall_c.hpp"
  74              		.file 5 "src/../h/syscall_cpp.hpp"
GAS LISTING /tmp/cc8CYQUV.s 			page 3


DEFINED SYMBOLS
                            *ABS*:0000000000000000 Console.cpp
     /tmp/cc8CYQUV.s:9      .text:0000000000000000 _ZN7Console4getcEv
     /tmp/cc8CYQUV.s:13     .text:0000000000000000 .L0 
     /tmp/cc8CYQUV.s:14     .text:0000000000000000 .L0 
     /tmp/cc8CYQUV.s:15     .text:0000000000000004 .L0 
     /tmp/cc8CYQUV.s:18     .text:000000000000000c .L0 
     /tmp/cc8CYQUV.s:19     .text:000000000000000c .L0 
     /tmp/cc8CYQUV.s:21     .text:0000000000000010 .L0 
     /tmp/cc8CYQUV.s:23     .text:0000000000000010 .L0 
     /tmp/cc8CYQUV.s:24     .text:0000000000000010 .L0 
     /tmp/cc8CYQUV.s:27     .text:0000000000000018 .L0 
     /tmp/cc8CYQUV.s:28     .text:000000000000001c .L0 
     /tmp/cc8CYQUV.s:30     .text:0000000000000020 .L0 
     /tmp/cc8CYQUV.s:31     .text:0000000000000020 .L0 
     /tmp/cc8CYQUV.s:33     .text:0000000000000024 .L0 
     /tmp/cc8CYQUV.s:35     .text:0000000000000028 .L0 
     /tmp/cc8CYQUV.s:41     .text:0000000000000028 _ZN7Console4putcEc
     /tmp/cc8CYQUV.s:44     .text:0000000000000028 .L0 
     /tmp/cc8CYQUV.s:46     .text:0000000000000028 .L0 
     /tmp/cc8CYQUV.s:47     .text:000000000000002c .L0 
     /tmp/cc8CYQUV.s:50     .text:0000000000000034 .L0 
     /tmp/cc8CYQUV.s:51     .text:0000000000000034 .L0 
     /tmp/cc8CYQUV.s:53     .text:0000000000000038 .L0 
     /tmp/cc8CYQUV.s:55     .text:0000000000000038 .L0 
     /tmp/cc8CYQUV.s:56     .text:0000000000000038 .L0 
     /tmp/cc8CYQUV.s:59     .text:0000000000000040 .L0 
     /tmp/cc8CYQUV.s:60     .text:0000000000000044 .L0 
     /tmp/cc8CYQUV.s:62     .text:0000000000000048 .L0 
     /tmp/cc8CYQUV.s:63     .text:0000000000000048 .L0 
     /tmp/cc8CYQUV.s:65     .text:000000000000004c .L0 
     /tmp/cc8CYQUV.s:67     .text:0000000000000050 .L0 
     /tmp/cc8CYQUV.s:75     .text:0000000000000050 .L0 
     /tmp/cc8CYQUV.s:289    .debug_abbrev:0000000000000000 .Ldebug_abbrev0
     /tmp/cc8CYQUV.s:645    .debug_str:000000000000012d .LASF20
     /tmp/cc8CYQUV.s:639    .debug_str:00000000000000f7 .LASF21
     /tmp/cc8CYQUV.s:635    .debug_str:00000000000000b3 .LASF22
     /tmp/cc8CYQUV.s:5      .text:0000000000000000 .Ltext0
     /tmp/cc8CYQUV.s:70     .text:0000000000000050 .Letext0
     /tmp/cc8CYQUV.s:603    .debug_line:0000000000000000 .Ldebug_line0
     /tmp/cc8CYQUV.s:605    .debug_str:0000000000000000 .LASF0
     /tmp/cc8CYQUV.s:643    .debug_str:000000000000011a .LASF1
     /tmp/cc8CYQUV.s:627    .debug_str:0000000000000085 .LASF2
     /tmp/cc8CYQUV.s:623    .debug_str:0000000000000072 .LASF4
     /tmp/cc8CYQUV.s:619    .debug_str:000000000000004d .LASF3
     /tmp/cc8CYQUV.s:613    .debug_str:0000000000000031 .LASF5
     /tmp/cc8CYQUV.s:621    .debug_str:000000000000005f .LASF6
     /tmp/cc8CYQUV.s:641    .debug_str:0000000000000107 .LASF7
     /tmp/cc8CYQUV.s:653    .debug_str:0000000000000226 .LASF8
     /tmp/cc8CYQUV.s:609    .debug_str:0000000000000014 .LASF9
     /tmp/cc8CYQUV.s:611    .debug_str:0000000000000022 .LASF10
     /tmp/cc8CYQUV.s:647    .debug_str:00000000000001f1 .LASF11
     /tmp/cc8CYQUV.s:615    .debug_str:0000000000000038 .LASF12
     /tmp/cc8CYQUV.s:657    .debug_str:000000000000023d .LASF13
     /tmp/cc8CYQUV.s:625    .debug_str:0000000000000079 .LASF14
     /tmp/cc8CYQUV.s:637    .debug_str:00000000000000e1 .LASF15
     /tmp/cc8CYQUV.s:633    .debug_str:000000000000009d .LASF16
GAS LISTING /tmp/cc8CYQUV.s 			page 4


     /tmp/cc8CYQUV.s:659    .debug_str:000000000000024d .LASF23
     /tmp/cc8CYQUV.s:631    .debug_str:0000000000000098 .LASF24
     /tmp/cc8CYQUV.s:651    .debug_str:0000000000000213 .LASF25
     /tmp/cc8CYQUV.s:617    .debug_str:0000000000000048 .LASF26
     /tmp/cc8CYQUV.s:649    .debug_str:0000000000000200 .LASF27
     /tmp/cc8CYQUV.s:629    .debug_str:0000000000000093 .LASF17
     /tmp/cc8CYQUV.s:42     .text:0000000000000028 .LFB2
     /tmp/cc8CYQUV.s:68     .text:0000000000000050 .LFE2
     /tmp/cc8CYQUV.s:576    .debug_loc:0000000000000000 .LLST0
     /tmp/cc8CYQUV.s:57     .text:0000000000000040 .LVL2
     /tmp/cc8CYQUV.s:10     .text:0000000000000000 .LFB1
     /tmp/cc8CYQUV.s:36     .text:0000000000000028 .LFE1
     /tmp/cc8CYQUV.s:25     .text:0000000000000018 .LVL0
     /tmp/cc8CYQUV.s:655    .debug_str:0000000000000236 .LASF18
     /tmp/cc8CYQUV.s:607    .debug_str:000000000000000d .LASF19
     /tmp/cc8CYQUV.s:45     .text:0000000000000028 .LVL1
     /tmp/cc8CYQUV.s:76     .debug_info:0000000000000000 .Ldebug_info0

UNDEFINED SYMBOLS
__getc
__putc
